The system is: Linux - 5.4.80-gentoo-r1 - x86_64
Compiling the C compiler identification source file "CMakeCCompilerId.c" succeeded.
Compiler: /usr/bin/cc 
Build flags: 
Id flags:  

The output was:
0


Compilation of the C compiler identification source "CMakeCCompilerId.c" produced "a.out"

The C compiler identification is GNU, found in "/home/sam/projs/SomethingHere/lib/freeglut-3.2.1/build/CMakeFiles/3.17.4/CompilerIdC/a.out"

Compiling the CXX compiler identification source file "CMakeCXXCompilerId.cpp" succeeded.
Compiler: /usr/bin/c++ 
Build flags: 
Id flags:  

The output was:
0


Compilation of the CXX compiler identification source "CMakeCXXCompilerId.cpp" produced "a.out"

The CXX compiler identification is GNU, found in "/home/sam/projs/SomethingHere/lib/freeglut-3.2.1/build/CMakeFiles/3.17.4/CompilerIdCXX/a.out"

Determining if the C compiler works passed with the following output:
Change Dir: /home/sam/projs/SomethingHere/lib/freeglut-3.2.1/build/CMakeFiles/CMakeTmp

Run Build Command(s):/usr/bin/gmake cmTC_78a7d/fast && /usr/bin/gmake  -f CMakeFiles/cmTC_78a7d.dir/build.make CMakeFiles/cmTC_78a7d.dir/build
gmake[1]: Entering directory '/home/sam/projs/SomethingHere/lib/freeglut-3.2.1/build/CMakeFiles/CMakeTmp'
Building C object CMakeFiles/cmTC_78a7d.dir/testCCompiler.c.o
/usr/bin/cc    -o CMakeFiles/cmTC_78a7d.dir/testCCompiler.c.o   -c /home/sam/projs/SomethingHere/lib/freeglut-3.2.1/build/CMakeFiles/CMakeTmp/testCCompiler.c
Linking C executable cmTC_78a7d
/usr/bin/cmake -E cmake_link_script CMakeFiles/cmTC_78a7d.dir/link.txt --verbose=1
/usr/bin/cc      -rdynamic CMakeFiles/cmTC_78a7d.dir/testCCompiler.c.o  -o cmTC_78a7d 
gmake[1]: Leaving directory '/home/sam/projs/SomethingHere/lib/freeglut-3.2.1/build/CMakeFiles/CMakeTmp'



Detecting C compiler ABI info compiled with the following output:
Change Dir: /home/sam/projs/SomethingHere/lib/freeglut-3.2.1/build/CMakeFiles/CMakeTmp

Run Build Command(s):/usr/bin/gmake cmTC_ff992/fast && /usr/bin/gmake  -f CMakeFiles/cmTC_ff992.dir/build.make CMakeFiles/cmTC_ff992.dir/build
gmake[1]: Entering directory '/home/sam/projs/SomethingHere/lib/freeglut-3.2.1/build/CMakeFiles/CMakeTmp'
Building C object CMakeFiles/cmTC_ff992.dir/CMakeCCompilerABI.c.o
/usr/bin/cc   -v -o CMakeFiles/cmTC_ff992.dir/CMakeCCompilerABI.c.o   -c /usr/share/cmake/Modules/CMakeCCompilerABI.c
Using built-in specs.
COLLECT_GCC=/usr/bin/cc
Target: x86_64-pc-linux-gnu
Configured with: /var/tmp/portage/sys-devel/gcc-9.3.0-r2/work/gcc-9.3.0/configure --host=x86_64-pc-linux-gnu --build=x86_64-pc-linux-gnu --prefix=/usr --bindir=/usr/x86_64-pc-linux-gnu/gcc-bin/9.3.0 --includedir=/usr/lib/gcc/x86_64-pc-linux-gnu/9.3.0/include --datadir=/usr/share/gcc-data/x86_64-pc-linux-gnu/9.3.0 --mandir=/usr/share/gcc-data/x86_64-pc-linux-gnu/9.3.0/man --infodir=/usr/share/gcc-data/x86_64-pc-linux-gnu/9.3.0/info --with-gxx-include-dir=/usr/lib/gcc/x86_64-pc-linux-gnu/9.3.0/include/g++-v9 --with-python-dir=/share/gcc-data/x86_64-pc-linux-gnu/9.3.0/python --enable-languages=c,c++ --enable-obsolete --enable-secureplt --disable-werror --with-system-zlib --enable-nls --without-included-gettext --enable-checking=release --with-bugurl=https://bugs.gentoo.org/ --with-pkgversion='Gentoo Hardened 9.3.0-r2 p4' --enable-esp --enable-libstdcxx-time --disable-libstdcxx-pch --enable-shared --enable-threads=posix --enable-__cxa_atexit --enable-clocale=gnu --enable-multilib --with-multilib-list=m32,m64 --disable-fixed-point --enable-targets=all --enable-libgomp --disable-libssp --disable-libada --disable-systemtap --enable-vtable-verify --enable-lto --without-isl --enable-default-pie --enable-default-ssp
Thread model: posix
gcc version 9.3.0 (Gentoo Hardened 9.3.0-r2 p4) 
COLLECT_GCC_OPTIONS='-v' '-o' 'CMakeFiles/cmTC_ff992.dir/CMakeCCompilerABI.c.o' '-c' '-mtune=generic' '-march=x86-64'
 /usr/libexec/gcc/x86_64-pc-linux-gnu/9.3.0/cc1 -quiet -v /usr/share/cmake/Modules/CMakeCCompilerABI.c -quiet -dumpbase CMakeCCompilerABI.c -mtune=generic -march=x86-64 -auxbase-strip CMakeFiles/cmTC_ff992.dir/CMakeCCompilerABI.c.o -version -o /tmp/ccmRTiCi.s
GNU C17 (Gentoo Hardened 9.3.0-r2 p4) version 9.3.0 (x86_64-pc-linux-gnu)
	compiled by GNU C version 9.3.0, GMP version 6.2.1, MPFR version 4.1.0, MPC version 1.2.1, isl version none
GGC heuristics: --param ggc-min-expand=100 --param ggc-min-heapsize=131072
ignoring nonexistent directory "/usr/lib/gcc/x86_64-pc-linux-gnu/9.3.0/../../../../x86_64-pc-linux-gnu/include"
#include "..." search starts here:
#include <...> search starts here:
 /usr/lib/gcc/x86_64-pc-linux-gnu/9.3.0/include
 /usr/local/include
 /usr/lib/gcc/x86_64-pc-linux-gnu/9.3.0/include-fixed
 /usr/include
End of search list.
GNU C17 (Gentoo Hardened 9.3.0-r2 p4) version 9.3.0 (x86_64-pc-linux-gnu)
	compiled by GNU C version 9.3.0, GMP version 6.2.1, MPFR version 4.1.0, MPC version 1.2.1, isl version none
GGC heuristics: --param ggc-min-expand=100 --param ggc-min-heapsize=131072
Compiler executable checksum: 28bedb3a05a0f93b6abaceb43372a842
COLLECT_GCC_OPTIONS='-v' '-o' 'CMakeFiles/cmTC_ff992.dir/CMakeCCompilerABI.c.o' '-c' '-mtune=generic' '-march=x86-64'
 /usr/lib/gcc/x86_64-pc-linux-gnu/9.3.0/../../../../x86_64-pc-linux-gnu/bin/as -v --64 -o CMakeFiles/cmTC_ff992.dir/CMakeCCompilerABI.c.o /tmp/ccmRTiCi.s
GNU assembler version 2.34.0 (x86_64-pc-linux-gnu) using BFD version (Gentoo 2.34 p6) 2.34.0
COMPILER_PATH=/usr/libexec/gcc/x86_64-pc-linux-gnu/9.3.0/:/usr/libexec/gcc/x86_64-pc-linux-gnu/9.3.0/:/usr/libexec/gcc/x86_64-pc-linux-gnu/:/usr/lib/gcc/x86_64-pc-linux-gnu/9.3.0/:/usr/lib/gcc/x86_64-pc-linux-gnu/:/usr/lib/gcc/x86_64-pc-linux-gnu/9.3.0/../../../../x86_64-pc-linux-gnu/bin/
LIBRARY_PATH=/usr/lib/gcc/x86_64-pc-linux-gnu/9.3.0/:/usr/lib/gcc/x86_64-pc-linux-gnu/9.3.0/../../../../lib64/:/lib/../lib64/:/usr/lib/../lib64/:/usr/lib/gcc/x86_64-pc-linux-gnu/9.3.0/../../../../x86_64-pc-linux-gnu/lib/:/usr/lib/gcc/x86_64-pc-linux-gnu/9.3.0/../../../:/lib/:/usr/lib/
COLLECT_GCC_OPTIONS='-v' '-o' 'CMakeFiles/cmTC_ff992.dir/CMakeCCompilerABI.c.o' '-c' '-mtune=generic' '-march=x86-64'
Linking C executable cmTC_ff992
/usr/bin/cmake -E cmake_link_script CMakeFiles/cmTC_ff992.dir/link.txt --verbose=1
/usr/bin/cc     -v -rdynamic CMakeFiles/cmTC_ff992.dir/CMakeCCompilerABI.c.o  -o cmTC_ff992 
Using built-in specs.
COLLECT_GCC=/usr/bin/cc
COLLECT_LTO_WRAPPER=/usr/libexec/gcc/x86_64-pc-linux-gnu/9.3.0/lto-wrapper
Target: x86_64-pc-linux-gnu
Configured with: /var/tmp/portage/sys-devel/gcc-9.3.0-r2/work/gcc-9.3.0/configure --host=x86_64-pc-linux-gnu --build=x86_64-pc-linux-gnu --prefix=/usr --bindir=/usr/x86_64-pc-linux-gnu/gcc-bin/9.3.0 --includedir=/usr/lib/gcc/x86_64-pc-linux-gnu/9.3.0/include --datadir=/usr/share/gcc-data/x86_64-pc-linux-gnu/9.3.0 --mandir=/usr/share/gcc-data/x86_64-pc-linux-gnu/9.3.0/man --infodir=/usr/share/gcc-data/x86_64-pc-linux-gnu/9.3.0/info --with-gxx-include-dir=/usr/lib/gcc/x86_64-pc-linux-gnu/9.3.0/include/g++-v9 --with-python-dir=/share/gcc-data/x86_64-pc-linux-gnu/9.3.0/python --enable-languages=c,c++ --enable-obsolete --enable-secureplt --disable-werror --with-system-zlib --enable-nls --without-included-gettext --enable-checking=release --with-bugurl=https://bugs.gentoo.org/ --with-pkgversion='Gentoo Hardened 9.3.0-r2 p4' --enable-esp --enable-libstdcxx-time --disable-libstdcxx-pch --enable-shared --enable-threads=posix --enable-__cxa_atexit --enable-clocale=gnu --enable-multilib --with-multilib-list=m32,m64 --disable-fixed-point --enable-targets=all --enable-libgomp --disable-libssp --disable-libada --disable-systemtap --enable-vtable-verify --enable-lto --without-isl --enable-default-pie --enable-default-ssp
Thread model: posix
gcc version 9.3.0 (Gentoo Hardened 9.3.0-r2 p4) 
COMPILER_PATH=/usr/libexec/gcc/x86_64-pc-linux-gnu/9.3.0/:/usr/libexec/gcc/x86_64-pc-linux-gnu/9.3.0/:/usr/libexec/gcc/x86_64-pc-linux-gnu/:/usr/lib/gcc/x86_64-pc-linux-gnu/9.3.0/:/usr/lib/gcc/x86_64-pc-linux-gnu/:/usr/lib/gcc/x86_64-pc-linux-gnu/9.3.0/../../../../x86_64-pc-linux-gnu/bin/
LIBRARY_PATH=/usr/lib/gcc/x86_64-pc-linux-gnu/9.3.0/:/usr/lib/gcc/x86_64-pc-linux-gnu/9.3.0/../../../../lib64/:/lib/../lib64/:/usr/lib/../lib64/:/usr/lib/gcc/x86_64-pc-linux-gnu/9.3.0/../../../../x86_64-pc-linux-gnu/lib/:/usr/lib/gcc/x86_64-pc-linux-gnu/9.3.0/../../../:/lib/:/usr/lib/
COLLECT_GCC_OPTIONS='-v' '-rdynamic' '-o' 'cmTC_ff992' '-mtune=generic' '-march=x86-64'
 /usr/libexec/gcc/x86_64-pc-linux-gnu/9.3.0/collect2 -plugin /usr/libexec/gcc/x86_64-pc-linux-gnu/9.3.0/liblto_plugin.so -plugin-opt=/usr/libexec/gcc/x86_64-pc-linux-gnu/9.3.0/lto-wrapper -plugin-opt=-fresolution=/tmp/ccvVGvNE.res -plugin-opt=-pass-through=-lgcc -plugin-opt=-pass-through=-lgcc_s -plugin-opt=-pass-through=-lc -plugin-opt=-pass-through=-lgcc -plugin-opt=-pass-through=-lgcc_s --eh-frame-hdr -m elf_x86_64 -export-dynamic -dynamic-linker /lib64/ld-linux-x86-64.so.2 -pie -z now -o cmTC_ff992 /usr/lib/gcc/x86_64-pc-linux-gnu/9.3.0/../../../../lib64/Scrt1.o /usr/lib/gcc/x86_64-pc-linux-gnu/9.3.0/../../../../lib64/crti.o /usr/lib/gcc/x86_64-pc-linux-gnu/9.3.0/crtbeginS.o -L/usr/lib/gcc/x86_64-pc-linux-gnu/9.3.0 -L/usr/lib/gcc/x86_64-pc-linux-gnu/9.3.0/../../../../lib64 -L/lib/../lib64 -L/usr/lib/../lib64 -L/usr/lib/gcc/x86_64-pc-linux-gnu/9.3.0/../../../../x86_64-pc-linux-gnu/lib -L/usr/lib/gcc/x86_64-pc-linux-gnu/9.3.0/../../.. CMakeFiles/cmTC_ff992.dir/CMakeCCompilerABI.c.o -lgcc --push-state --as-needed -lgcc_s --pop-state -lc -lgcc --push-state --as-needed -lgcc_s --pop-state /usr/lib/gcc/x86_64-pc-linux-gnu/9.3.0/crtendS.o /usr/lib/gcc/x86_64-pc-linux-gnu/9.3.0/../../../../lib64/crtn.o
COLLECT_GCC_OPTIONS='-v' '-rdynamic' '-o' 'cmTC_ff992' '-mtune=generic' '-march=x86-64'
gmake[1]: Leaving directory '/home/sam/projs/SomethingHere/lib/freeglut-3.2.1/build/CMakeFiles/CMakeTmp'



Parsed C implicit include dir info from above output: rv=done
  found start of include info
  found start of implicit include info
    add: [/usr/lib/gcc/x86_64-pc-linux-gnu/9.3.0/include]
    add: [/usr/local/include]
    add: [/usr/lib/gcc/x86_64-pc-linux-gnu/9.3.0/include-fixed]
    add: [/usr/include]
  end of search list found
  collapse include dir [/usr/lib/gcc/x86_64-pc-linux-gnu/9.3.0/include] ==> [/usr/lib/gcc/x86_64-pc-linux-gnu/9.3.0/include]
  collapse include dir [/usr/local/include] ==> [/usr/local/include]
  collapse include dir [/usr/lib/gcc/x86_64-pc-linux-gnu/9.3.0/include-fixed] ==> [/usr/lib/gcc/x86_64-pc-linux-gnu/9.3.0/include-fixed]
  collapse include dir [/usr/include] ==> [/usr/include]
  implicit include dirs: [/usr/lib/gcc/x86_64-pc-linux-gnu/9.3.0/include;/usr/local/include;/usr/lib/gcc/x86_64-pc-linux-gnu/9.3.0/include-fixed;/usr/include]


Parsed C implicit link information from above output:
  link line regex: [^( *|.*[/\])(ld|CMAKE_LINK_STARTFILE-NOTFOUND|([^/\]+-)?ld|collect2)[^/\]*( |$)]
  ignore line: [Change Dir: /home/sam/projs/SomethingHere/lib/freeglut-3.2.1/build/CMakeFiles/CMakeTmp]
  ignore line: []
  ignore line: [Run Build Command(s):/usr/bin/gmake cmTC_ff992/fast && /usr/bin/gmake  -f CMakeFiles/cmTC_ff992.dir/build.make CMakeFiles/cmTC_ff992.dir/build]
  ignore line: [gmake[1]: Entering directory '/home/sam/projs/SomethingHere/lib/freeglut-3.2.1/build/CMakeFiles/CMakeTmp']
  ignore line: [Building C object CMakeFiles/cmTC_ff992.dir/CMakeCCompilerABI.c.o]
  ignore line: [/usr/bin/cc   -v -o CMakeFiles/cmTC_ff992.dir/CMakeCCompilerABI.c.o   -c /usr/share/cmake/Modules/CMakeCCompilerABI.c]
  ignore line: [Using built-in specs.]
  ignore line: [COLLECT_GCC=/usr/bin/cc]
  ignore line: [Target: x86_64-pc-linux-gnu]
  ignore line: [Configured with: /var/tmp/portage/sys-devel/gcc-9.3.0-r2/work/gcc-9.3.0/configure --host=x86_64-pc-linux-gnu --build=x86_64-pc-linux-gnu --prefix=/usr --bindir=/usr/x86_64-pc-linux-gnu/gcc-bin/9.3.0 --includedir=/usr/lib/gcc/x86_64-pc-linux-gnu/9.3.0/include --datadir=/usr/share/gcc-data/x86_64-pc-linux-gnu/9.3.0 --mandir=/usr/share/gcc-data/x86_64-pc-linux-gnu/9.3.0/man --infodir=/usr/share/gcc-data/x86_64-pc-linux-gnu/9.3.0/info --with-gxx-include-dir=/usr/lib/gcc/x86_64-pc-linux-gnu/9.3.0/include/g++-v9 --with-python-dir=/share/gcc-data/x86_64-pc-linux-gnu/9.3.0/python --enable-languages=c c++ --enable-obsolete --enable-secureplt --disable-werror --with-system-zlib --enable-nls --without-included-gettext --enable-checking=release --with-bugurl=https://bugs.gentoo.org/ --with-pkgversion='Gentoo Hardened 9.3.0-r2 p4' --enable-esp --enable-libstdcxx-time --disable-libstdcxx-pch --enable-shared --enable-threads=posix --enable-__cxa_atexit --enable-clocale=gnu --enable-multilib --with-multilib-list=m32 m64 --disable-fixed-point --enable-targets=all --enable-libgomp --disable-libssp --disable-libada --disable-systemtap --enable-vtable-verify --enable-lto --without-isl --enable-default-pie --enable-default-ssp]
  ignore line: [Thread model: posix]
  ignore line: [gcc version 9.3.0 (Gentoo Hardened 9.3.0-r2 p4) ]
  ignore line: [COLLECT_GCC_OPTIONS='-v' '-o' 'CMakeFiles/cmTC_ff992.dir/CMakeCCompilerABI.c.o' '-c' '-mtune=generic' '-march=x86-64']
  ignore line: [ /usr/libexec/gcc/x86_64-pc-linux-gnu/9.3.0/cc1 -quiet -v /usr/share/cmake/Modules/CMakeCCompilerABI.c -quiet -dumpbase CMakeCCompilerABI.c -mtune=generic -march=x86-64 -auxbase-strip CMakeFiles/cmTC_ff992.dir/CMakeCCompilerABI.c.o -version -o /tmp/ccmRTiCi.s]
  ignore line: [GNU C17 (Gentoo Hardened 9.3.0-r2 p4) version 9.3.0 (x86_64-pc-linux-gnu)]
  ignore line: [	compiled by GNU C version 9.3.0  GMP version 6.2.1  MPFR version 4.1.0  MPC version 1.2.1  isl version none]
  ignore line: [GGC heuristics: --param ggc-min-expand=100 --param ggc-min-heapsize=131072]
  ignore line: [ignoring nonexistent directory "/usr/lib/gcc/x86_64-pc-linux-gnu/9.3.0/../../../../x86_64-pc-linux-gnu/include"]
  ignore line: [#include "..." search starts here:]
  ignore line: [#include <...> search starts here:]
  ignore line: [ /usr/lib/gcc/x86_64-pc-linux-gnu/9.3.0/include]
  ignore line: [ /usr/local/include]
  ignore line: [ /usr/lib/gcc/x86_64-pc-linux-gnu/9.3.0/include-fixed]
  ignore line: [ /usr/include]
  ignore line: [End of search list.]
  ignore line: [GNU C17 (Gentoo Hardened 9.3.0-r2 p4) version 9.3.0 (x86_64-pc-linux-gnu)]
  ignore line: [	compiled by GNU C version 9.3.0  GMP version 6.2.1  MPFR version 4.1.0  MPC version 1.2.1  isl version none]
  ignore line: [GGC heuristics: --param ggc-min-expand=100 --param ggc-min-heapsize=131072]
  ignore line: [Compiler executable checksum: 28bedb3a05a0f93b6abaceb43372a842]
  ignore line: [COLLECT_GCC_OPTIONS='-v' '-o' 'CMakeFiles/cmTC_ff992.dir/CMakeCCompilerABI.c.o' '-c' '-mtune=generic' '-march=x86-64']
  ignore line: [ /usr/lib/gcc/x86_64-pc-linux-gnu/9.3.0/../../../../x86_64-pc-linux-gnu/bin/as -v --64 -o CMakeFiles/cmTC_ff992.dir/CMakeCCompilerABI.c.o /tmp/ccmRTiCi.s]
  ignore line: [GNU assembler version 2.34.0 (x86_64-pc-linux-gnu) using BFD version (Gentoo 2.34 p6) 2.34.0]
  ignore line: [COMPILER_PATH=/usr/libexec/gcc/x86_64-pc-linux-gnu/9.3.0/:/usr/libexec/gcc/x86_64-pc-linux-gnu/9.3.0/:/usr/libexec/gcc/x86_64-pc-linux-gnu/:/usr/lib/gcc/x86_64-pc-linux-gnu/9.3.0/:/usr/lib/gcc/x86_64-pc-linux-gnu/:/usr/lib/gcc/x86_64-pc-linux-gnu/9.3.0/../../../../x86_64-pc-linux-gnu/bin/]
  ignore line: [LIBRARY_PATH=/usr/lib/gcc/x86_64-pc-linux-gnu/9.3.0/:/usr/lib/gcc/x86_64-pc-linux-gnu/9.3.0/../../../../lib64/:/lib/../lib64/:/usr/lib/../lib64/:/usr/lib/gcc/x86_64-pc-linux-gnu/9.3.0/../../../../x86_64-pc-linux-gnu/lib/:/usr/lib/gcc/x86_64-pc-linux-gnu/9.3.0/../../../:/lib/:/usr/lib/]
  ignore line: [COLLECT_GCC_OPTIONS='-v' '-o' 'CMakeFiles/cmTC_ff992.dir/CMakeCCompilerABI.c.o' '-c' '-mtune=generic' '-march=x86-64']
  ignore line: [Linking C executable cmTC_ff992]
  ignore line: [/usr/bin/cmake -E cmake_link_script CMakeFiles/cmTC_ff992.dir/link.txt --verbose=1]
  ignore line: [/usr/bin/cc     -v -rdynamic CMakeFiles/cmTC_ff992.dir/CMakeCCompilerABI.c.o  -o cmTC_ff992 ]
  ignore line: [Using built-in specs.]
  ignore line: [COLLECT_GCC=/usr/bin/cc]
  ignore line: [COLLECT_LTO_WRAPPER=/usr/libexec/gcc/x86_64-pc-linux-gnu/9.3.0/lto-wrapper]
  ignore line: [Target: x86_64-pc-linux-gnu]
  ignore line: [Configured with: /var/tmp/portage/sys-devel/gcc-9.3.0-r2/work/gcc-9.3.0/configure --host=x86_64-pc-linux-gnu --build=x86_64-pc-linux-gnu --prefix=/usr --bindir=/usr/x86_64-pc-linux-gnu/gcc-bin/9.3.0 --includedir=/usr/lib/gcc/x86_64-pc-linux-gnu/9.3.0/include --datadir=/usr/share/gcc-data/x86_64-pc-linux-gnu/9.3.0 --mandir=/usr/share/gcc-data/x86_64-pc-linux-gnu/9.3.0/man --infodir=/usr/share/gcc-data/x86_64-pc-linux-gnu/9.3.0/info --with-gxx-include-dir=/usr/lib/gcc/x86_64-pc-linux-gnu/9.3.0/include/g++-v9 --with-python-dir=/share/gcc-data/x86_64-pc-linux-gnu/9.3.0/python --enable-languages=c c++ --enable-obsolete --enable-secureplt --disable-werror --with-system-zlib --enable-nls --without-included-gettext --enable-checking=release --with-bugurl=https://bugs.gentoo.org/ --with-pkgversion='Gentoo Hardened 9.3.0-r2 p4' --enable-esp --enable-libstdcxx-time --disable-libstdcxx-pch --enable-shared --enable-threads=posix --enable-__cxa_atexit --enable-clocale=gnu --enable-multilib --with-multilib-list=m32 m64 --disable-fixed-point --enable-targets=all --enable-libgomp --disable-libssp --disable-libada --disable-systemtap --enable-vtable-verify --enable-lto --without-isl --enable-default-pie --enable-default-ssp]
  ignore line: [Thread model: posix]
  ignore line: [gcc version 9.3.0 (Gentoo Hardened 9.3.0-r2 p4) ]
  ignore line: [COMPILER_PATH=/usr/libexec/gcc/x86_64-pc-linux-gnu/9.3.0/:/usr/libexec/gcc/x86_64-pc-linux-gnu/9.3.0/:/usr/libexec/gcc/x86_64-pc-linux-gnu/:/usr/lib/gcc/x86_64-pc-linux-gnu/9.3.0/:/usr/lib/gcc/x86_64-pc-linux-gnu/:/usr/lib/gcc/x86_64-pc-linux-gnu/9.3.0/../../../../x86_64-pc-linux-gnu/bin/]
  ignore line: [LIBRARY_PATH=/usr/lib/gcc/x86_64-pc-linux-gnu/9.3.0/:/usr/lib/gcc/x86_64-pc-linux-gnu/9.3.0/../../../../lib64/:/lib/../lib64/:/usr/lib/../lib64/:/usr/lib/gcc/x86_64-pc-linux-gnu/9.3.0/../../../../x86_64-pc-linux-gnu/lib/:/usr/lib/gcc/x86_64-pc-linux-gnu/9.3.0/../../../:/lib/:/usr/lib/]
  ignore line: [COLLECT_GCC_OPTIONS='-v' '-rdynamic' '-o' 'cmTC_ff992' '-mtune=generic' '-march=x86-64']
  link line: [ /usr/libexec/gcc/x86_64-pc-linux-gnu/9.3.0/collect2 -plugin /usr/libexec/gcc/x86_64-pc-linux-gnu/9.3.0/liblto_plugin.so -plugin-opt=/usr/libexec/gcc/x86_64-pc-linux-gnu/9.3.0/lto-wrapper -plugin-opt=-fresolution=/tmp/ccvVGvNE.res -plugin-opt=-pass-through=-lgcc -plugin-opt=-pass-through=-lgcc_s -plugin-opt=-pass-through=-lc -plugin-opt=-pass-through=-lgcc -plugin-opt=-pass-through=-lgcc_s --eh-frame-hdr -m elf_x86_64 -export-dynamic -dynamic-linker /lib64/ld-linux-x86-64.so.2 -pie -z now -o cmTC_ff992 /usr/lib/gcc/x86_64-pc-linux-gnu/9.3.0/../../../../lib64/Scrt1.o /usr/lib/gcc/x86_64-pc-linux-gnu/9.3.0/../../../../lib64/crti.o /usr/lib/gcc/x86_64-pc-linux-gnu/9.3.0/crtbeginS.o -L/usr/lib/gcc/x86_64-pc-linux-gnu/9.3.0 -L/usr/lib/gcc/x86_64-pc-linux-gnu/9.3.0/../../../../lib64 -L/lib/../lib64 -L/usr/lib/../lib64 -L/usr/lib/gcc/x86_64-pc-linux-gnu/9.3.0/../../../../x86_64-pc-linux-gnu/lib -L/usr/lib/gcc/x86_64-pc-linux-gnu/9.3.0/../../.. CMakeFiles/cmTC_ff992.dir/CMakeCCompilerABI.c.o -lgcc --push-state --as-needed -lgcc_s --pop-state -lc -lgcc --push-state --as-needed -lgcc_s --pop-state /usr/lib/gcc/x86_64-pc-linux-gnu/9.3.0/crtendS.o /usr/lib/gcc/x86_64-pc-linux-gnu/9.3.0/../../../../lib64/crtn.o]
    arg [/usr/libexec/gcc/x86_64-pc-linux-gnu/9.3.0/collect2] ==> ignore
    arg [-plugin] ==> ignore
    arg [/usr/libexec/gcc/x86_64-pc-linux-gnu/9.3.0/liblto_plugin.so] ==> ignore
    arg [-plugin-opt=/usr/libexec/gcc/x86_64-pc-linux-gnu/9.3.0/lto-wrapper] ==> ignore
    arg [-plugin-opt=-fresolution=/tmp/ccvVGvNE.res] ==> ignore
    arg [-plugin-opt=-pass-through=-lgcc] ==> ignore
    arg [-plugin-opt=-pass-through=-lgcc_s] ==> ignore
    arg [-plugin-opt=-pass-through=-lc] ==> ignore
    arg [-plugin-opt=-pass-through=-lgcc] ==> ignore
    arg [-plugin-opt=-pass-through=-lgcc_s] ==> ignore
    arg [--eh-frame-hdr] ==> ignore
    arg [-m] ==> ignore
    arg [elf_x86_64] ==> ignore
    arg [-export-dynamic] ==> ignore
    arg [-dynamic-linker] ==> ignore
    arg [/lib64/ld-linux-x86-64.so.2] ==> ignore
    arg [-pie] ==> ignore
    arg [-znow] ==> ignore
    arg [-o] ==> ignore
    arg [cmTC_ff992] ==> ignore
    arg [/usr/lib/gcc/x86_64-pc-linux-gnu/9.3.0/../../../../lib64/Scrt1.o] ==> ignore
    arg [/usr/lib/gcc/x86_64-pc-linux-gnu/9.3.0/../../../../lib64/crti.o] ==> ignore
    arg [/usr/lib/gcc/x86_64-pc-linux-gnu/9.3.0/crtbeginS.o] ==> ignore
    arg [-L/usr/lib/gcc/x86_64-pc-linux-gnu/9.3.0] ==> dir [/usr/lib/gcc/x86_64-pc-linux-gnu/9.3.0]
    arg [-L/usr/lib/gcc/x86_64-pc-linux-gnu/9.3.0/../../../../lib64] ==> dir [/usr/lib/gcc/x86_64-pc-linux-gnu/9.3.0/../../../../lib64]
    arg [-L/lib/../lib64] ==> dir [/lib/../lib64]
    arg [-L/usr/lib/../lib64] ==> dir [/usr/lib/../lib64]
    arg [-L/usr/lib/gcc/x86_64-pc-linux-gnu/9.3.0/../../../../x86_64-pc-linux-gnu/lib] ==> dir [/usr/lib/gcc/x86_64-pc-linux-gnu/9.3.0/../../../../x86_64-pc-linux-gnu/lib]
    arg [-L/usr/lib/gcc/x86_64-pc-linux-gnu/9.3.0/../../..] ==> dir [/usr/lib/gcc/x86_64-pc-linux-gnu/9.3.0/../../..]
    arg [CMakeFiles/cmTC_ff992.dir/CMakeCCompilerABI.c.o] ==> ignore
    arg [-lgcc] ==> lib [gcc]
    arg [--push-state] ==> ignore
    arg [--as-needed] ==> ignore
    arg [-lgcc_s] ==> lib [gcc_s]
    arg [--pop-state] ==> ignore
    arg [-lc] ==> lib [c]
    arg [-lgcc] ==> lib [gcc]
    arg [--push-state] ==> ignore
    arg [--as-needed] ==> ignore
    arg [-lgcc_s] ==> lib [gcc_s]
    arg [--pop-state] ==> ignore
    arg [/usr/lib/gcc/x86_64-pc-linux-gnu/9.3.0/crtendS.o] ==> ignore
    arg [/usr/lib/gcc/x86_64-pc-linux-gnu/9.3.0/../../../../lib64/crtn.o] ==> ignore
  collapse library dir [/usr/lib/gcc/x86_64-pc-linux-gnu/9.3.0] ==> [/usr/lib/gcc/x86_64-pc-linux-gnu/9.3.0]
  collapse library dir [/usr/lib/gcc/x86_64-pc-linux-gnu/9.3.0/../../../../lib64] ==> [/usr/lib64]
  collapse library dir [/lib/../lib64] ==> [/lib64]
  collapse library dir [/usr/lib/../lib64] ==> [/usr/lib64]
  collapse library dir [/usr/lib/gcc/x86_64-pc-linux-gnu/9.3.0/../../../../x86_64-pc-linux-gnu/lib] ==> [/usr/x86_64-pc-linux-gnu/lib]
  collapse library dir [/usr/lib/gcc/x86_64-pc-linux-gnu/9.3.0/../../..] ==> [/usr/lib]
  implicit libs: [gcc;gcc_s;c;gcc;gcc_s]
  implicit dirs: [/usr/lib/gcc/x86_64-pc-linux-gnu/9.3.0;/usr/lib64;/lib64;/usr/x86_64-pc-linux-gnu/lib;/usr/lib]
  implicit fwks: []


Determining if the CXX compiler works passed with the following output:
Change Dir: /home/sam/projs/SomethingHere/lib/freeglut-3.2.1/build/CMakeFiles/CMakeTmp

Run Build Command(s):/usr/bin/gmake cmTC_9213d/fast && /usr/bin/gmake  -f CMakeFiles/cmTC_9213d.dir/build.make CMakeFiles/cmTC_9213d.dir/build
gmake[1]: Entering directory '/home/sam/projs/SomethingHere/lib/freeglut-3.2.1/build/CMakeFiles/CMakeTmp'
Building CXX object CMakeFiles/cmTC_9213d.dir/testCXXCompiler.cxx.o
/usr/bin/c++     -o CMakeFiles/cmTC_9213d.dir/testCXXCompiler.cxx.o -c /home/sam/projs/SomethingHere/lib/freeglut-3.2.1/build/CMakeFiles/CMakeTmp/testCXXCompiler.cxx
Linking CXX executable cmTC_9213d
/usr/bin/cmake -E cmake_link_script CMakeFiles/cmTC_9213d.dir/link.txt --verbose=1
/usr/bin/c++       -rdynamic CMakeFiles/cmTC_9213d.dir/testCXXCompiler.cxx.o  -o cmTC_9213d 
gmake[1]: Leaving directory '/home/sam/projs/SomethingHere/lib/freeglut-3.2.1/build/CMakeFiles/CMakeTmp'



Detecting CXX compiler ABI info compiled with the following output:
Change Dir: /home/sam/projs/SomethingHere/lib/freeglut-3.2.1/build/CMakeFiles/CMakeTmp

Run Build Command(s):/usr/bin/gmake cmTC_e397c/fast && /usr/bin/gmake  -f CMakeFiles/cmTC_e397c.dir/build.make CMakeFiles/cmTC_e397c.dir/build
gmake[1]: Entering directory '/home/sam/projs/SomethingHere/lib/freeglut-3.2.1/build/CMakeFiles/CMakeTmp'
Building CXX object CMakeFiles/cmTC_e397c.dir/CMakeCXXCompilerABI.cpp.o
/usr/bin/c++    -v -o CMakeFiles/cmTC_e397c.dir/CMakeCXXCompilerABI.cpp.o -c /usr/share/cmake/Modules/CMakeCXXCompilerABI.cpp
Using built-in specs.
COLLECT_GCC=/usr/bin/c++
Target: x86_64-pc-linux-gnu
Configured with: /var/tmp/portage/sys-devel/gcc-9.3.0-r2/work/gcc-9.3.0/configure --host=x86_64-pc-linux-gnu --build=x86_64-pc-linux-gnu --prefix=/usr --bindir=/usr/x86_64-pc-linux-gnu/gcc-bin/9.3.0 --includedir=/usr/lib/gcc/x86_64-pc-linux-gnu/9.3.0/include --datadir=/usr/share/gcc-data/x86_64-pc-linux-gnu/9.3.0 --mandir=/usr/share/gcc-data/x86_64-pc-linux-gnu/9.3.0/man --infodir=/usr/share/gcc-data/x86_64-pc-linux-gnu/9.3.0/info --with-gxx-include-dir=/usr/lib/gcc/x86_64-pc-linux-gnu/9.3.0/include/g++-v9 --with-python-dir=/share/gcc-data/x86_64-pc-linux-gnu/9.3.0/python --enable-languages=c,c++ --enable-obsolete --enable-secureplt --disable-werror --with-system-zlib --enable-nls --without-included-gettext --enable-checking=release --with-bugurl=https://bugs.gentoo.org/ --with-pkgversion='Gentoo Hardened 9.3.0-r2 p4' --enable-esp --enable-libstdcxx-time --disable-libstdcxx-pch --enable-shared --enable-threads=posix --enable-__cxa_atexit --enable-clocale=gnu --enable-multilib --with-multilib-list=m32,m64 --disable-fixed-point --enable-targets=all --enable-libgomp --disable-libssp --disable-libada --disable-systemtap --enable-vtable-verify --enable-lto --without-isl --enable-default-pie --enable-default-ssp
Thread model: posix
gcc version 9.3.0 (Gentoo Hardened 9.3.0-r2 p4) 
COLLECT_GCC_OPTIONS='-v' '-o' 'CMakeFiles/cmTC_e397c.dir/CMakeCXXCompilerABI.cpp.o' '-c' '-shared-libgcc' '-mtune=generic' '-march=x86-64'
 /usr/libexec/gcc/x86_64-pc-linux-gnu/9.3.0/cc1plus -quiet -v -D_GNU_SOURCE /usr/share/cmake/Modules/CMakeCXXCompilerABI.cpp -quiet -dumpbase CMakeCXXCompilerABI.cpp -mtune=generic -march=x86-64 -auxbase-strip CMakeFiles/cmTC_e397c.dir/CMakeCXXCompilerABI.cpp.o -version -o /tmp/ccfKqdgY.s
GNU C++14 (Gentoo Hardened 9.3.0-r2 p4) version 9.3.0 (x86_64-pc-linux-gnu)
	compiled by GNU C version 9.3.0, GMP version 6.2.1, MPFR version 4.1.0, MPC version 1.2.1, isl version none
GGC heuristics: --param ggc-min-expand=100 --param ggc-min-heapsize=131072
ignoring nonexistent directory "/usr/lib/gcc/x86_64-pc-linux-gnu/9.3.0/../../../../x86_64-pc-linux-gnu/include"
#include "..." search starts here:
#include <...> search starts here:
 /usr/lib/gcc/x86_64-pc-linux-gnu/9.3.0/include/g++-v9
 /usr/lib/gcc/x86_64-pc-linux-gnu/9.3.0/include/g++-v9/x86_64-pc-linux-gnu
 /usr/lib/gcc/x86_64-pc-linux-gnu/9.3.0/include/g++-v9/backward
 /usr/lib/gcc/x86_64-pc-linux-gnu/9.3.0/include
 /usr/local/include
 /usr/lib/gcc/x86_64-pc-linux-gnu/9.3.0/include-fixed
 /usr/include
End of search list.
GNU C++14 (Gentoo Hardened 9.3.0-r2 p4) version 9.3.0 (x86_64-pc-linux-gnu)
	compiled by GNU C version 9.3.0, GMP version 6.2.1, MPFR version 4.1.0, MPC version 1.2.1, isl version none
GGC heuristics: --param ggc-min-expand=100 --param ggc-min-heapsize=131072
Compiler executable checksum: 22080f656ed2d1cc08451ff78fd59496
COLLECT_GCC_OPTIONS='-v' '-o' 'CMakeFiles/cmTC_e397c.dir/CMakeCXXCompilerABI.cpp.o' '-c' '-shared-libgcc' '-mtune=generic' '-march=x86-64'
 /usr/lib/gcc/x86_64-pc-linux-gnu/9.3.0/../../../../x86_64-pc-linux-gnu/bin/as -v --64 -o CMakeFiles/cmTC_e397c.dir/CMakeCXXCompilerABI.cpp.o /tmp/ccfKqdgY.s
GNU assembler version 2.34.0 (x86_64-pc-linux-gnu) using BFD version (Gentoo 2.34 p6) 2.34.0
COMPILER_PATH=/usr/libexec/gcc/x86_64-pc-linux-gnu/9.3.0/:/usr/libexec/gcc/x86_64-pc-linux-gnu/9.3.0/:/usr/libexec/gcc/x86_64-pc-linux-gnu/:/usr/lib/gcc/x86_64-pc-linux-gnu/9.3.0/:/usr/lib/gcc/x86_64-pc-linux-gnu/:/usr/lib/gcc/x86_64-pc-linux-gnu/9.3.0/../../../../x86_64-pc-linux-gnu/bin/
LIBRARY_PATH=/usr/lib/gcc/x86_64-pc-linux-gnu/9.3.0/:/usr/lib/gcc/x86_64-pc-linux-gnu/9.3.0/../../../../lib64/:/lib/../lib64/:/usr/lib/../lib64/:/usr/lib/gcc/x86_64-pc-linux-gnu/9.3.0/../../../../x86_64-pc-linux-gnu/lib/:/usr/lib/gcc/x86_64-pc-linux-gnu/9.3.0/../../../:/lib/:/usr/lib/
COLLECT_GCC_OPTIONS='-v' '-o' 'CMakeFiles/cmTC_e397c.dir/CMakeCXXCompilerABI.cpp.o' '-c' '-shared-libgcc' '-mtune=generic' '-march=x86-64'
Linking CXX executable cmTC_e397c
/usr/bin/cmake -E cmake_link_script CMakeFiles/cmTC_e397c.dir/link.txt --verbose=1
/usr/bin/c++      -v -rdynamic CMakeFiles/cmTC_e397c.dir/CMakeCXXCompilerABI.cpp.o  -o cmTC_e397c 
Using built-in specs.
COLLECT_GCC=/usr/bin/c++
COLLECT_LTO_WRAPPER=/usr/libexec/gcc/x86_64-pc-linux-gnu/9.3.0/lto-wrapper
Target: x86_64-pc-linux-gnu
Configured with: /var/tmp/portage/sys-devel/gcc-9.3.0-r2/work/gcc-9.3.0/configure --host=x86_64-pc-linux-gnu --build=x86_64-pc-linux-gnu --prefix=/usr --bindir=/usr/x86_64-pc-linux-gnu/gcc-bin/9.3.0 --includedir=/usr/lib/gcc/x86_64-pc-linux-gnu/9.3.0/include --datadir=/usr/share/gcc-data/x86_64-pc-linux-gnu/9.3.0 --mandir=/usr/share/gcc-data/x86_64-pc-linux-gnu/9.3.0/man --infodir=/usr/share/gcc-data/x86_64-pc-linux-gnu/9.3.0/info --with-gxx-include-dir=/usr/lib/gcc/x86_64-pc-linux-gnu/9.3.0/include/g++-v9 --with-python-dir=/share/gcc-data/x86_64-pc-linux-gnu/9.3.0/python --enable-languages=c,c++ --enable-obsolete --enable-secureplt --disable-werror --with-system-zlib --enable-nls --without-included-gettext --enable-checking=release --with-bugurl=https://bugs.gentoo.org/ --with-pkgversion='Gentoo Hardened 9.3.0-r2 p4' --enable-esp --enable-libstdcxx-time --disable-libstdcxx-pch --enable-shared --enable-threads=posix --enable-__cxa_atexit --enable-clocale=gnu --enable-multilib --with-multilib-list=m32,m64 --disable-fixed-point --enable-targets=all --enable-libgomp --disable-libssp --disable-libada --disable-systemtap --enable-vtable-verify --enable-lto --without-isl --enable-default-pie --enable-default-ssp
Thread model: posix
gcc version 9.3.0 (Gentoo Hardened 9.3.0-r2 p4) 
COMPILER_PATH=/usr/libexec/gcc/x86_64-pc-linux-gnu/9.3.0/:/usr/libexec/gcc/x86_64-pc-linux-gnu/9.3.0/:/usr/libexec/gcc/x86_64-pc-linux-gnu/:/usr/lib/gcc/x86_64-pc-linux-gnu/9.3.0/:/usr/lib/gcc/x86_64-pc-linux-gnu/:/usr/lib/gcc/x86_64-pc-linux-gnu/9.3.0/../../../../x86_64-pc-linux-gnu/bin/
LIBRARY_PATH=/usr/lib/gcc/x86_64-pc-linux-gnu/9.3.0/:/usr/lib/gcc/x86_64-pc-linux-gnu/9.3.0/../../../../lib64/:/lib/../lib64/:/usr/lib/../lib64/:/usr/lib/gcc/x86_64-pc-linux-gnu/9.3.0/../../../../x86_64-pc-linux-gnu/lib/:/usr/lib/gcc/x86_64-pc-linux-gnu/9.3.0/../../../:/lib/:/usr/lib/
COLLECT_GCC_OPTIONS='-v' '-rdynamic' '-o' 'cmTC_e397c' '-shared-libgcc' '-mtune=generic' '-march=x86-64'
 /usr/libexec/gcc/x86_64-pc-linux-gnu/9.3.0/collect2 -plugin /usr/libexec/gcc/x86_64-pc-linux-gnu/9.3.0/liblto_plugin.so -plugin-opt=/usr/libexec/gcc/x86_64-pc-linux-gnu/9.3.0/lto-wrapper -plugin-opt=-fresolution=/tmp/cc0OoWFm.res -plugin-opt=-pass-through=-lgcc_s -plugin-opt=-pass-through=-lgcc -plugin-opt=-pass-through=-lc -plugin-opt=-pass-through=-lgcc_s -plugin-opt=-pass-through=-lgcc --eh-frame-hdr -m elf_x86_64 -export-dynamic -dynamic-linker /lib64/ld-linux-x86-64.so.2 -pie -z now -o cmTC_e397c /usr/lib/gcc/x86_64-pc-linux-gnu/9.3.0/../../../../lib64/Scrt1.o /usr/lib/gcc/x86_64-pc-linux-gnu/9.3.0/../../../../lib64/crti.o /usr/lib/gcc/x86_64-pc-linux-gnu/9.3.0/crtbeginS.o -L/usr/lib/gcc/x86_64-pc-linux-gnu/9.3.0 -L/usr/lib/gcc/x86_64-pc-linux-gnu/9.3.0/../../../../lib64 -L/lib/../lib64 -L/usr/lib/../lib64 -L/usr/lib/gcc/x86_64-pc-linux-gnu/9.3.0/../../../../x86_64-pc-linux-gnu/lib -L/usr/lib/gcc/x86_64-pc-linux-gnu/9.3.0/../../.. CMakeFiles/cmTC_e397c.dir/CMakeCXXCompilerABI.cpp.o -lstdc++ -lm -lgcc_s -lgcc -lc -lgcc_s -lgcc /usr/lib/gcc/x86_64-pc-linux-gnu/9.3.0/crtendS.o /usr/lib/gcc/x86_64-pc-linux-gnu/9.3.0/../../../../lib64/crtn.o
COLLECT_GCC_OPTIONS='-v' '-rdynamic' '-o' 'cmTC_e397c' '-shared-libgcc' '-mtune=generic' '-march=x86-64'
gmake[1]: Leaving directory '/home/sam/projs/SomethingHere/lib/freeglut-3.2.1/build/CMakeFiles/CMakeTmp'



Parsed CXX implicit include dir info from above output: rv=done
  found start of include info
  found start of implicit include info
    add: [/usr/lib/gcc/x86_64-pc-linux-gnu/9.3.0/include/g++-v9]
    add: [/usr/lib/gcc/x86_64-pc-linux-gnu/9.3.0/include/g++-v9/x86_64-pc-linux-gnu]
    add: [/usr/lib/gcc/x86_64-pc-linux-gnu/9.3.0/include/g++-v9/backward]
    add: [/usr/lib/gcc/x86_64-pc-linux-gnu/9.3.0/include]
    add: [/usr/local/include]
    add: [/usr/lib/gcc/x86_64-pc-linux-gnu/9.3.0/include-fixed]
    add: [/usr/include]
  end of search list found
  collapse include dir [/usr/lib/gcc/x86_64-pc-linux-gnu/9.3.0/include/g++-v9] ==> [/usr/lib/gcc/x86_64-pc-linux-gnu/9.3.0/include/g++-v9]
  collapse include dir [/usr/lib/gcc/x86_64-pc-linux-gnu/9.3.0/include/g++-v9/x86_64-pc-linux-gnu] ==> [/usr/lib/gcc/x86_64-pc-linux-gnu/9.3.0/include/g++-v9/x86_64-pc-linux-gnu]
  collapse include dir [/usr/lib/gcc/x86_64-pc-linux-gnu/9.3.0/include/g++-v9/backward] ==> [/usr/lib/gcc/x86_64-pc-linux-gnu/9.3.0/include/g++-v9/backward]
  collapse include dir [/usr/lib/gcc/x86_64-pc-linux-gnu/9.3.0/include] ==> [/usr/lib/gcc/x86_64-pc-linux-gnu/9.3.0/include]
  collapse include dir [/usr/local/include] ==> [/usr/local/include]
  collapse include dir [/usr/lib/gcc/x86_64-pc-linux-gnu/9.3.0/include-fixed] ==> [/usr/lib/gcc/x86_64-pc-linux-gnu/9.3.0/include-fixed]
  collapse include dir [/usr/include] ==> [/usr/include]
  implicit include dirs: [/usr/lib/gcc/x86_64-pc-linux-gnu/9.3.0/include/g++-v9;/usr/lib/gcc/x86_64-pc-linux-gnu/9.3.0/include/g++-v9/x86_64-pc-linux-gnu;/usr/lib/gcc/x86_64-pc-linux-gnu/9.3.0/include/g++-v9/backward;/usr/lib/gcc/x86_64-pc-linux-gnu/9.3.0/include;/usr/local/include;/usr/lib/gcc/x86_64-pc-linux-gnu/9.3.0/include-fixed;/usr/include]


Parsed CXX implicit link information from above output:
  link line regex: [^( *|.*[/\])(ld|CMAKE_LINK_STARTFILE-NOTFOUND|([^/\]+-)?ld|collect2)[^/\]*( |$)]
  ignore line: [Change Dir: /home/sam/projs/SomethingHere/lib/freeglut-3.2.1/build/CMakeFiles/CMakeTmp]
  ignore line: []
  ignore line: [Run Build Command(s):/usr/bin/gmake cmTC_e397c/fast && /usr/bin/gmake  -f CMakeFiles/cmTC_e397c.dir/build.make CMakeFiles/cmTC_e397c.dir/build]
  ignore line: [gmake[1]: Entering directory '/home/sam/projs/SomethingHere/lib/freeglut-3.2.1/build/CMakeFiles/CMakeTmp']
  ignore line: [Building CXX object CMakeFiles/cmTC_e397c.dir/CMakeCXXCompilerABI.cpp.o]
  ignore line: [/usr/bin/c++    -v -o CMakeFiles/cmTC_e397c.dir/CMakeCXXCompilerABI.cpp.o -c /usr/share/cmake/Modules/CMakeCXXCompilerABI.cpp]
  ignore line: [Using built-in specs.]
  ignore line: [COLLECT_GCC=/usr/bin/c++]
  ignore line: [Target: x86_64-pc-linux-gnu]
  ignore line: [Configured with: /var/tmp/portage/sys-devel/gcc-9.3.0-r2/work/gcc-9.3.0/configure --host=x86_64-pc-linux-gnu --build=x86_64-pc-linux-gnu --prefix=/usr --bindir=/usr/x86_64-pc-linux-gnu/gcc-bin/9.3.0 --includedir=/usr/lib/gcc/x86_64-pc-linux-gnu/9.3.0/include --datadir=/usr/share/gcc-data/x86_64-pc-linux-gnu/9.3.0 --mandir=/usr/share/gcc-data/x86_64-pc-linux-gnu/9.3.0/man --infodir=/usr/share/gcc-data/x86_64-pc-linux-gnu/9.3.0/info --with-gxx-include-dir=/usr/lib/gcc/x86_64-pc-linux-gnu/9.3.0/include/g++-v9 --with-python-dir=/share/gcc-data/x86_64-pc-linux-gnu/9.3.0/python --enable-languages=c c++ --enable-obsolete --enable-secureplt --disable-werror --with-system-zlib --enable-nls --without-included-gettext --enable-checking=release --with-bugurl=https://bugs.gentoo.org/ --with-pkgversion='Gentoo Hardened 9.3.0-r2 p4' --enable-esp --enable-libstdcxx-time --disable-libstdcxx-pch --enable-shared --enable-threads=posix --enable-__cxa_atexit --enable-clocale=gnu --enable-multilib --with-multilib-list=m32 m64 --disable-fixed-point --enable-targets=all --enable-libgomp --disable-libssp --disable-libada --disable-systemtap --enable-vtable-verify --enable-lto --without-isl --enable-default-pie --enable-default-ssp]
  ignore line: [Thread model: posix]
  ignore line: [gcc version 9.3.0 (Gentoo Hardened 9.3.0-r2 p4) ]
  ignore line: [COLLECT_GCC_OPTIONS='-v' '-o' 'CMakeFiles/cmTC_e397c.dir/CMakeCXXCompilerABI.cpp.o' '-c' '-shared-libgcc' '-mtune=generic' '-march=x86-64']
  ignore line: [ /usr/libexec/gcc/x86_64-pc-linux-gnu/9.3.0/cc1plus -quiet -v -D_GNU_SOURCE /usr/share/cmake/Modules/CMakeCXXCompilerABI.cpp -quiet -dumpbase CMakeCXXCompilerABI.cpp -mtune=generic -march=x86-64 -auxbase-strip CMakeFiles/cmTC_e397c.dir/CMakeCXXCompilerABI.cpp.o -version -o /tmp/ccfKqdgY.s]
  ignore line: [GNU C++14 (Gentoo Hardened 9.3.0-r2 p4) version 9.3.0 (x86_64-pc-linux-gnu)]
  ignore line: [	compiled by GNU C version 9.3.0  GMP version 6.2.1  MPFR version 4.1.0  MPC version 1.2.1  isl version none]
  ignore line: [GGC heuristics: --param ggc-min-expand=100 --param ggc-min-heapsize=131072]
  ignore line: [ignoring nonexistent directory "/usr/lib/gcc/x86_64-pc-linux-gnu/9.3.0/../../../../x86_64-pc-linux-gnu/include"]
  ignore line: [#include "..." search starts here:]
  ignore line: [#include <...> search starts here:]
  ignore line: [ /usr/lib/gcc/x86_64-pc-linux-gnu/9.3.0/include/g++-v9]
  ignore line: [ /usr/lib/gcc/x86_64-pc-linux-gnu/9.3.0/include/g++-v9/x86_64-pc-linux-gnu]
  ignore line: [ /usr/lib/gcc/x86_64-pc-linux-gnu/9.3.0/include/g++-v9/backward]
  ignore line: [ /usr/lib/gcc/x86_64-pc-linux-gnu/9.3.0/include]
  ignore line: [ /usr/local/include]
  ignore line: [ /usr/lib/gcc/x86_64-pc-linux-gnu/9.3.0/include-fixed]
  ignore line: [ /usr/include]
  ignore line: [End of search list.]
  ignore line: [GNU C++14 (Gentoo Hardened 9.3.0-r2 p4) version 9.3.0 (x86_64-pc-linux-gnu)]
  ignore line: [	compiled by GNU C version 9.3.0  GMP version 6.2.1  MPFR version 4.1.0  MPC version 1.2.1  isl version none]
  ignore line: [GGC heuristics: --param ggc-min-expand=100 --param ggc-min-heapsize=131072]
  ignore line: [Compiler executable checksum: 22080f656ed2d1cc08451ff78fd59496]
  ignore line: [COLLECT_GCC_OPTIONS='-v' '-o' 'CMakeFiles/cmTC_e397c.dir/CMakeCXXCompilerABI.cpp.o' '-c' '-shared-libgcc' '-mtune=generic' '-march=x86-64']
  ignore line: [ /usr/lib/gcc/x86_64-pc-linux-gnu/9.3.0/../../../../x86_64-pc-linux-gnu/bin/as -v --64 -o CMakeFiles/cmTC_e397c.dir/CMakeCXXCompilerABI.cpp.o /tmp/ccfKqdgY.s]
  ignore line: [GNU assembler version 2.34.0 (x86_64-pc-linux-gnu) using BFD version (Gentoo 2.34 p6) 2.34.0]
  ignore line: [COMPILER_PATH=/usr/libexec/gcc/x86_64-pc-linux-gnu/9.3.0/:/usr/libexec/gcc/x86_64-pc-linux-gnu/9.3.0/:/usr/libexec/gcc/x86_64-pc-linux-gnu/:/usr/lib/gcc/x86_64-pc-linux-gnu/9.3.0/:/usr/lib/gcc/x86_64-pc-linux-gnu/:/usr/lib/gcc/x86_64-pc-linux-gnu/9.3.0/../../../../x86_64-pc-linux-gnu/bin/]
  ignore line: [LIBRARY_PATH=/usr/lib/gcc/x86_64-pc-linux-gnu/9.3.0/:/usr/lib/gcc/x86_64-pc-linux-gnu/9.3.0/../../../../lib64/:/lib/../lib64/:/usr/lib/../lib64/:/usr/lib/gcc/x86_64-pc-linux-gnu/9.3.0/../../../../x86_64-pc-linux-gnu/lib/:/usr/lib/gcc/x86_64-pc-linux-gnu/9.3.0/../../../:/lib/:/usr/lib/]
  ignore line: [COLLECT_GCC_OPTIONS='-v' '-o' 'CMakeFiles/cmTC_e397c.dir/CMakeCXXCompilerABI.cpp.o' '-c' '-shared-libgcc' '-mtune=generic' '-march=x86-64']
  ignore line: [Linking CXX executable cmTC_e397c]
  ignore line: [/usr/bin/cmake -E cmake_link_script CMakeFiles/cmTC_e397c.dir/link.txt --verbose=1]
  ignore line: [/usr/bin/c++      -v -rdynamic CMakeFiles/cmTC_e397c.dir/CMakeCXXCompilerABI.cpp.o  -o cmTC_e397c ]
  ignore line: [Using built-in specs.]
  ignore line: [COLLECT_GCC=/usr/bin/c++]
  ignore line: [COLLECT_LTO_WRAPPER=/usr/libexec/gcc/x86_64-pc-linux-gnu/9.3.0/lto-wrapper]
  ignore line: [Target: x86_64-pc-linux-gnu]
  ignore line: [Configured with: /var/tmp/portage/sys-devel/gcc-9.3.0-r2/work/gcc-9.3.0/configure --host=x86_64-pc-linux-gnu --build=x86_64-pc-linux-gnu --prefix=/usr --bindir=/usr/x86_64-pc-linux-gnu/gcc-bin/9.3.0 --includedir=/usr/lib/gcc/x86_64-pc-linux-gnu/9.3.0/include --datadir=/usr/share/gcc-data/x86_64-pc-linux-gnu/9.3.0 --mandir=/usr/share/gcc-data/x86_64-pc-linux-gnu/9.3.0/man --infodir=/usr/share/gcc-data/x86_64-pc-linux-gnu/9.3.0/info --with-gxx-include-dir=/usr/lib/gcc/x86_64-pc-linux-gnu/9.3.0/include/g++-v9 --with-python-dir=/share/gcc-data/x86_64-pc-linux-gnu/9.3.0/python --enable-languages=c c++ --enable-obsolete --enable-secureplt --disable-werror --with-system-zlib --enable-nls --without-included-gettext --enable-checking=release --with-bugurl=https://bugs.gentoo.org/ --with-pkgversion='Gentoo Hardened 9.3.0-r2 p4' --enable-esp --enable-libstdcxx-time --disable-libstdcxx-pch --enable-shared --enable-threads=posix --enable-__cxa_atexit --enable-clocale=gnu --enable-multilib --with-multilib-list=m32 m64 --disable-fixed-point --enable-targets=all --enable-libgomp --disable-libssp --disable-libada --disable-systemtap --enable-vtable-verify --enable-lto --without-isl --enable-default-pie --enable-default-ssp]
  ignore line: [Thread model: posix]
  ignore line: [gcc version 9.3.0 (Gentoo Hardened 9.3.0-r2 p4) ]
  ignore line: [COMPILER_PATH=/usr/libexec/gcc/x86_64-pc-linux-gnu/9.3.0/:/usr/libexec/gcc/x86_64-pc-linux-gnu/9.3.0/:/usr/libexec/gcc/x86_64-pc-linux-gnu/:/usr/lib/gcc/x86_64-pc-linux-gnu/9.3.0/:/usr/lib/gcc/x86_64-pc-linux-gnu/:/usr/lib/gcc/x86_64-pc-linux-gnu/9.3.0/../../../../x86_64-pc-linux-gnu/bin/]
  ignore line: [LIBRARY_PATH=/usr/lib/gcc/x86_64-pc-linux-gnu/9.3.0/:/usr/lib/gcc/x86_64-pc-linux-gnu/9.3.0/../../../../lib64/:/lib/../lib64/:/usr/lib/../lib64/:/usr/lib/gcc/x86_64-pc-linux-gnu/9.3.0/../../../../x86_64-pc-linux-gnu/lib/:/usr/lib/gcc/x86_64-pc-linux-gnu/9.3.0/../../../:/lib/:/usr/lib/]
  ignore line: [COLLECT_GCC_OPTIONS='-v' '-rdynamic' '-o' 'cmTC_e397c' '-shared-libgcc' '-mtune=generic' '-march=x86-64']
  link line: [ /usr/libexec/gcc/x86_64-pc-linux-gnu/9.3.0/collect2 -plugin /usr/libexec/gcc/x86_64-pc-linux-gnu/9.3.0/liblto_plugin.so -plugin-opt=/usr/libexec/gcc/x86_64-pc-linux-gnu/9.3.0/lto-wrapper -plugin-opt=-fresolution=/tmp/cc0OoWFm.res -plugin-opt=-pass-through=-lgcc_s -plugin-opt=-pass-through=-lgcc -plugin-opt=-pass-through=-lc -plugin-opt=-pass-through=-lgcc_s -plugin-opt=-pass-through=-lgcc --eh-frame-hdr -m elf_x86_64 -export-dynamic -dynamic-linker /lib64/ld-linux-x86-64.so.2 -pie -z now -o cmTC_e397c /usr/lib/gcc/x86_64-pc-linux-gnu/9.3.0/../../../../lib64/Scrt1.o /usr/lib/gcc/x86_64-pc-linux-gnu/9.3.0/../../../../lib64/crti.o /usr/lib/gcc/x86_64-pc-linux-gnu/9.3.0/crtbeginS.o -L/usr/lib/gcc/x86_64-pc-linux-gnu/9.3.0 -L/usr/lib/gcc/x86_64-pc-linux-gnu/9.3.0/../../../../lib64 -L/lib/../lib64 -L/usr/lib/../lib64 -L/usr/lib/gcc/x86_64-pc-linux-gnu/9.3.0/../../../../x86_64-pc-linux-gnu/lib -L/usr/lib/gcc/x86_64-pc-linux-gnu/9.3.0/../../.. CMakeFiles/cmTC_e397c.dir/CMakeCXXCompilerABI.cpp.o -lstdc++ -lm -lgcc_s -lgcc -lc -lgcc_s -lgcc /usr/lib/gcc/x86_64-pc-linux-gnu/9.3.0/crtendS.o /usr/lib/gcc/x86_64-pc-linux-gnu/9.3.0/../../../../lib64/crtn.o]
    arg [/usr/libexec/gcc/x86_64-pc-linux-gnu/9.3.0/collect2] ==> ignore
    arg [-plugin] ==> ignore
    arg [/usr/libexec/gcc/x86_64-pc-linux-gnu/9.3.0/liblto_plugin.so] ==> ignore
    arg [-plugin-opt=/usr/libexec/gcc/x86_64-pc-linux-gnu/9.3.0/lto-wrapper] ==> ignore
    arg [-plugin-opt=-fresolution=/tmp/cc0OoWFm.res] ==> ignore
    arg [-plugin-opt=-pass-through=-lgcc_s] ==> ignore
    arg [-plugin-opt=-pass-through=-lgcc] ==> ignore
    arg [-plugin-opt=-pass-through=-lc] ==> ignore
    arg [-plugin-opt=-pass-through=-lgcc_s] ==> ignore
    arg [-plugin-opt=-pass-through=-lgcc] ==> ignore
    arg [--eh-frame-hdr] ==> ignore
    arg [-m] ==> ignore
    arg [elf_x86_64] ==> ignore
    arg [-export-dynamic] ==> ignore
    arg [-dynamic-linker] ==> ignore
    arg [/lib64/ld-linux-x86-64.so.2] ==> ignore
    arg [-pie] ==> ignore
    arg [-znow] ==> ignore
    arg [-o] ==> ignore
    arg [cmTC_e397c] ==> ignore
    arg [/usr/lib/gcc/x86_64-pc-linux-gnu/9.3.0/../../../../lib64/Scrt1.o] ==> ignore
    arg [/usr/lib/gcc/x86_64-pc-linux-gnu/9.3.0/../../../../lib64/crti.o] ==> ignore
    arg [/usr/lib/gcc/x86_64-pc-linux-gnu/9.3.0/crtbeginS.o] ==> ignore
    arg [-L/usr/lib/gcc/x86_64-pc-linux-gnu/9.3.0] ==> dir [/usr/lib/gcc/x86_64-pc-linux-gnu/9.3.0]
    arg [-L/usr/lib/gcc/x86_64-pc-linux-gnu/9.3.0/../../../../lib64] ==> dir [/usr/lib/gcc/x86_64-pc-linux-gnu/9.3.0/../../../../lib64]
    arg [-L/lib/../lib64] ==> dir [/lib/../lib64]
    arg [-L/usr/lib/../lib64] ==> dir [/usr/lib/../lib64]
    arg [-L/usr/lib/gcc/x86_64-pc-linux-gnu/9.3.0/../../../../x86_64-pc-linux-gnu/lib] ==> dir [/usr/lib/gcc/x86_64-pc-linux-gnu/9.3.0/../../../../x86_64-pc-linux-gnu/lib]
    arg [-L/usr/lib/gcc/x86_64-pc-linux-gnu/9.3.0/../../..] ==> dir [/usr/lib/gcc/x86_64-pc-linux-gnu/9.3.0/../../..]
    arg [CMakeFiles/cmTC_e397c.dir/CMakeCXXCompilerABI.cpp.o] ==> ignore
    arg [-lstdc++] ==> lib [stdc++]
    arg [-lm] ==> lib [m]
    arg [-lgcc_s] ==> lib [gcc_s]
    arg [-lgcc] ==> lib [gcc]
    arg [-lc] ==> lib [c]
    arg [-lgcc_s] ==> lib [gcc_s]
    arg [-lgcc] ==> lib [gcc]
    arg [/usr/lib/gcc/x86_64-pc-linux-gnu/9.3.0/crtendS.o] ==> ignore
    arg [/usr/lib/gcc/x86_64-pc-linux-gnu/9.3.0/../../../../lib64/crtn.o] ==> ignore
  collapse library dir [/usr/lib/gcc/x86_64-pc-linux-gnu/9.3.0] ==> [/usr/lib/gcc/x86_64-pc-linux-gnu/9.3.0]
  collapse library dir [/usr/lib/gcc/x86_64-pc-linux-gnu/9.3.0/../../../../lib64] ==> [/usr/lib64]
  collapse library dir [/lib/../lib64] ==> [/lib64]
  collapse library dir [/usr/lib/../lib64] ==> [/usr/lib64]
  collapse library dir [/usr/lib/gcc/x86_64-pc-linux-gnu/9.3.0/../../../../x86_64-pc-linux-gnu/lib] ==> [/usr/x86_64-pc-linux-gnu/lib]
  collapse library dir [/usr/lib/gcc/x86_64-pc-linux-gnu/9.3.0/../../..] ==> [/usr/lib]
  implicit libs: [stdc++;m;gcc_s;gcc;c;gcc_s;gcc]
  implicit dirs: [/usr/lib/gcc/x86_64-pc-linux-gnu/9.3.0;/usr/lib64;/lib64;/usr/x86_64-pc-linux-gnu/lib;/usr/lib]
  implicit fwks: []


Determining if the function XOpenDisplay exists in the /usr/lib64/libX11.so;/usr/lib64/libXext.so passed with the following output:
Change Dir: /home/sam/projs/SomethingHere/lib/freeglut-3.2.1/build/CMakeFiles/CMakeTmp

Run Build Command(s):/usr/bin/gmake cmTC_66b43/fast && /usr/bin/gmake  -f CMakeFiles/cmTC_66b43.dir/build.make CMakeFiles/cmTC_66b43.dir/build
gmake[1]: Entering directory '/home/sam/projs/SomethingHere/lib/freeglut-3.2.1/build/CMakeFiles/CMakeTmp'
Building C object CMakeFiles/cmTC_66b43.dir/CheckFunctionExists.c.o
/usr/bin/cc   -Wall -pedantic -DCHECK_FUNCTION_EXISTS=XOpenDisplay   -o CMakeFiles/cmTC_66b43.dir/CheckFunctionExists.c.o   -c /usr/share/cmake/Modules/CheckFunctionExists.c
Linking C executable cmTC_66b43
/usr/bin/cmake -E cmake_link_script CMakeFiles/cmTC_66b43.dir/link.txt --verbose=1
/usr/bin/cc  -Wall -pedantic -DCHECK_FUNCTION_EXISTS=XOpenDisplay    -rdynamic CMakeFiles/cmTC_66b43.dir/CheckFunctionExists.c.o  -o cmTC_66b43  /usr/lib64/libX11.so /usr/lib64/libXext.so -lm 
gmake[1]: Leaving directory '/home/sam/projs/SomethingHere/lib/freeglut-3.2.1/build/CMakeFiles/CMakeTmp'



Determining if the function gethostbyname exists passed with the following output:
Change Dir: /home/sam/projs/SomethingHere/lib/freeglut-3.2.1/build/CMakeFiles/CMakeTmp

Run Build Command(s):/usr/bin/gmake cmTC_2ae09/fast && /usr/bin/gmake  -f CMakeFiles/cmTC_2ae09.dir/build.make CMakeFiles/cmTC_2ae09.dir/build
gmake[1]: Entering directory '/home/sam/projs/SomethingHere/lib/freeglut-3.2.1/build/CMakeFiles/CMakeTmp'
Building C object CMakeFiles/cmTC_2ae09.dir/CheckFunctionExists.c.o
/usr/bin/cc   -Wall -pedantic -DCHECK_FUNCTION_EXISTS=gethostbyname   -o CMakeFiles/cmTC_2ae09.dir/CheckFunctionExists.c.o   -c /usr/share/cmake/Modules/CheckFunctionExists.c
Linking C executable cmTC_2ae09
/usr/bin/cmake -E cmake_link_script CMakeFiles/cmTC_2ae09.dir/link.txt --verbose=1
/usr/bin/cc  -Wall -pedantic -DCHECK_FUNCTION_EXISTS=gethostbyname    -rdynamic CMakeFiles/cmTC_2ae09.dir/CheckFunctionExists.c.o  -o cmTC_2ae09  -lm 
gmake[1]: Leaving directory '/home/sam/projs/SomethingHere/lib/freeglut-3.2.1/build/CMakeFiles/CMakeTmp'



Determining if the function connect exists passed with the following output:
Change Dir: /home/sam/projs/SomethingHere/lib/freeglut-3.2.1/build/CMakeFiles/CMakeTmp

Run Build Command(s):/usr/bin/gmake cmTC_74cec/fast && /usr/bin/gmake  -f CMakeFiles/cmTC_74cec.dir/build.make CMakeFiles/cmTC_74cec.dir/build
gmake[1]: Entering directory '/home/sam/projs/SomethingHere/lib/freeglut-3.2.1/build/CMakeFiles/CMakeTmp'
Building C object CMakeFiles/cmTC_74cec.dir/CheckFunctionExists.c.o
/usr/bin/cc   -Wall -pedantic -DCHECK_FUNCTION_EXISTS=connect   -o CMakeFiles/cmTC_74cec.dir/CheckFunctionExists.c.o   -c /usr/share/cmake/Modules/CheckFunctionExists.c
Linking C executable cmTC_74cec
/usr/bin/cmake -E cmake_link_script CMakeFiles/cmTC_74cec.dir/link.txt --verbose=1
/usr/bin/cc  -Wall -pedantic -DCHECK_FUNCTION_EXISTS=connect    -rdynamic CMakeFiles/cmTC_74cec.dir/CheckFunctionExists.c.o  -o cmTC_74cec  -lm 
gmake[1]: Leaving directory '/home/sam/projs/SomethingHere/lib/freeglut-3.2.1/build/CMakeFiles/CMakeTmp'



Determining if the function remove exists passed with the following output:
Change Dir: /home/sam/projs/SomethingHere/lib/freeglut-3.2.1/build/CMakeFiles/CMakeTmp

Run Build Command(s):/usr/bin/gmake cmTC_4161c/fast && /usr/bin/gmake  -f CMakeFiles/cmTC_4161c.dir/build.make CMakeFiles/cmTC_4161c.dir/build
gmake[1]: Entering directory '/home/sam/projs/SomethingHere/lib/freeglut-3.2.1/build/CMakeFiles/CMakeTmp'
Building C object CMakeFiles/cmTC_4161c.dir/CheckFunctionExists.c.o
/usr/bin/cc   -Wall -pedantic -DCHECK_FUNCTION_EXISTS=remove   -o CMakeFiles/cmTC_4161c.dir/CheckFunctionExists.c.o   -c /usr/share/cmake/Modules/CheckFunctionExists.c
Linking C executable cmTC_4161c
/usr/bin/cmake -E cmake_link_script CMakeFiles/cmTC_4161c.dir/link.txt --verbose=1
/usr/bin/cc  -Wall -pedantic -DCHECK_FUNCTION_EXISTS=remove    -rdynamic CMakeFiles/cmTC_4161c.dir/CheckFunctionExists.c.o  -o cmTC_4161c  -lm 
gmake[1]: Leaving directory '/home/sam/projs/SomethingHere/lib/freeglut-3.2.1/build/CMakeFiles/CMakeTmp'



Determining if the function shmat exists passed with the following output:
Change Dir: /home/sam/projs/SomethingHere/lib/freeglut-3.2.1/build/CMakeFiles/CMakeTmp

Run Build Command(s):/usr/bin/gmake cmTC_bf18f/fast && /usr/bin/gmake  -f CMakeFiles/cmTC_bf18f.dir/build.make CMakeFiles/cmTC_bf18f.dir/build
gmake[1]: Entering directory '/home/sam/projs/SomethingHere/lib/freeglut-3.2.1/build/CMakeFiles/CMakeTmp'
Building C object CMakeFiles/cmTC_bf18f.dir/CheckFunctionExists.c.o
/usr/bin/cc   -Wall -pedantic -DCHECK_FUNCTION_EXISTS=shmat   -o CMakeFiles/cmTC_bf18f.dir/CheckFunctionExists.c.o   -c /usr/share/cmake/Modules/CheckFunctionExists.c
Linking C executable cmTC_bf18f
/usr/bin/cmake -E cmake_link_script CMakeFiles/cmTC_bf18f.dir/link.txt --verbose=1
/usr/bin/cc  -Wall -pedantic -DCHECK_FUNCTION_EXISTS=shmat    -rdynamic CMakeFiles/cmTC_bf18f.dir/CheckFunctionExists.c.o  -o cmTC_bf18f  -lm 
gmake[1]: Leaving directory '/home/sam/projs/SomethingHere/lib/freeglut-3.2.1/build/CMakeFiles/CMakeTmp'



Determining if the function IceConnectionNumber exists in the ICE passed with the following output:
Change Dir: /home/sam/projs/SomethingHere/lib/freeglut-3.2.1/build/CMakeFiles/CMakeTmp

Run Build Command(s):/usr/bin/gmake cmTC_14699/fast && /usr/bin/gmake  -f CMakeFiles/cmTC_14699.dir/build.make CMakeFiles/cmTC_14699.dir/build
gmake[1]: Entering directory '/home/sam/projs/SomethingHere/lib/freeglut-3.2.1/build/CMakeFiles/CMakeTmp'
Building C object CMakeFiles/cmTC_14699.dir/CheckFunctionExists.c.o
/usr/bin/cc   -Wall -pedantic -DCHECK_FUNCTION_EXISTS=IceConnectionNumber   -o CMakeFiles/cmTC_14699.dir/CheckFunctionExists.c.o   -c /usr/share/cmake/Modules/CheckFunctionExists.c
Linking C executable cmTC_14699
/usr/bin/cmake -E cmake_link_script CMakeFiles/cmTC_14699.dir/link.txt --verbose=1
/usr/bin/cc  -Wall -pedantic -DCHECK_FUNCTION_EXISTS=IceConnectionNumber    -rdynamic CMakeFiles/cmTC_14699.dir/CheckFunctionExists.c.o  -o cmTC_14699  -lICE -lm 
gmake[1]: Leaving directory '/home/sam/projs/SomethingHere/lib/freeglut-3.2.1/build/CMakeFiles/CMakeTmp'



Determining if files /usr/include/X11/extensions/XInput2.h exist passed with the following output:
Change Dir: /home/sam/projs/SomethingHere/lib/freeglut-3.2.1/build/CMakeFiles/CMakeTmp

Run Build Command(s):/usr/bin/gmake cmTC_e6832/fast && /usr/bin/gmake  -f CMakeFiles/cmTC_e6832.dir/build.make CMakeFiles/cmTC_e6832.dir/build
gmake[1]: Entering directory '/home/sam/projs/SomethingHere/lib/freeglut-3.2.1/build/CMakeFiles/CMakeTmp'
Building C object CMakeFiles/cmTC_e6832.dir/HAVE_X11_EXTENSIONS_XINPUT2_H.c.o
/usr/bin/cc   -Wall -pedantic    -o CMakeFiles/cmTC_e6832.dir/HAVE_X11_EXTENSIONS_XINPUT2_H.c.o   -c /home/sam/projs/SomethingHere/lib/freeglut-3.2.1/build/CMakeFiles/CheckIncludeFiles/HAVE_X11_EXTENSIONS_XINPUT2_H.c
Linking C executable cmTC_e6832
/usr/bin/cmake -E cmake_link_script CMakeFiles/cmTC_e6832.dir/link.txt --verbose=1
/usr/bin/cc  -Wall -pedantic     -rdynamic CMakeFiles/cmTC_e6832.dir/HAVE_X11_EXTENSIONS_XINPUT2_H.c.o  -o cmTC_e6832 
gmake[1]: Leaving directory '/home/sam/projs/SomethingHere/lib/freeglut-3.2.1/build/CMakeFiles/CMakeTmp'



Determining if files sys/types.h exist passed with the following output:
Change Dir: /home/sam/projs/SomethingHere/lib/freeglut-3.2.1/build/CMakeFiles/CMakeTmp

Run Build Command(s):/usr/bin/gmake cmTC_09be7/fast && /usr/bin/gmake  -f CMakeFiles/cmTC_09be7.dir/build.make CMakeFiles/cmTC_09be7.dir/build
gmake[1]: Entering directory '/home/sam/projs/SomethingHere/lib/freeglut-3.2.1/build/CMakeFiles/CMakeTmp'
Building C object CMakeFiles/cmTC_09be7.dir/HAVE_SYS_TYPES_H.c.o
/usr/bin/cc   -Wall -pedantic    -o CMakeFiles/cmTC_09be7.dir/HAVE_SYS_TYPES_H.c.o   -c /home/sam/projs/SomethingHere/lib/freeglut-3.2.1/build/CMakeFiles/CheckIncludeFiles/HAVE_SYS_TYPES_H.c
Linking C executable cmTC_09be7
/usr/bin/cmake -E cmake_link_script CMakeFiles/cmTC_09be7.dir/link.txt --verbose=1
/usr/bin/cc  -Wall -pedantic     -rdynamic CMakeFiles/cmTC_09be7.dir/HAVE_SYS_TYPES_H.c.o  -o cmTC_09be7 
gmake[1]: Leaving directory '/home/sam/projs/SomethingHere/lib/freeglut-3.2.1/build/CMakeFiles/CMakeTmp'



Determining if files unistd.h exist passed with the following output:
Change Dir: /home/sam/projs/SomethingHere/lib/freeglut-3.2.1/build/CMakeFiles/CMakeTmp

Run Build Command(s):/usr/bin/gmake cmTC_b23e9/fast && /usr/bin/gmake  -f CMakeFiles/cmTC_b23e9.dir/build.make CMakeFiles/cmTC_b23e9.dir/build
gmake[1]: Entering directory '/home/sam/projs/SomethingHere/lib/freeglut-3.2.1/build/CMakeFiles/CMakeTmp'
Building C object CMakeFiles/cmTC_b23e9.dir/HAVE_UNISTD_H.c.o
/usr/bin/cc   -Wall -pedantic    -o CMakeFiles/cmTC_b23e9.dir/HAVE_UNISTD_H.c.o   -c /home/sam/projs/SomethingHere/lib/freeglut-3.2.1/build/CMakeFiles/CheckIncludeFiles/HAVE_UNISTD_H.c
Linking C executable cmTC_b23e9
/usr/bin/cmake -E cmake_link_script CMakeFiles/cmTC_b23e9.dir/link.txt --verbose=1
/usr/bin/cc  -Wall -pedantic     -rdynamic CMakeFiles/cmTC_b23e9.dir/HAVE_UNISTD_H.c.o  -o cmTC_b23e9 
gmake[1]: Leaving directory '/home/sam/projs/SomethingHere/lib/freeglut-3.2.1/build/CMakeFiles/CMakeTmp'



Determining if files sys/time.h exist passed with the following output:
Change Dir: /home/sam/projs/SomethingHere/lib/freeglut-3.2.1/build/CMakeFiles/CMakeTmp

Run Build Command(s):/usr/bin/gmake cmTC_43abf/fast && /usr/bin/gmake  -f CMakeFiles/cmTC_43abf.dir/build.make CMakeFiles/cmTC_43abf.dir/build
gmake[1]: Entering directory '/home/sam/projs/SomethingHere/lib/freeglut-3.2.1/build/CMakeFiles/CMakeTmp'
Building C object CMakeFiles/cmTC_43abf.dir/HAVE_SYS_TIME_H.c.o
/usr/bin/cc   -Wall -pedantic    -o CMakeFiles/cmTC_43abf.dir/HAVE_SYS_TIME_H.c.o   -c /home/sam/projs/SomethingHere/lib/freeglut-3.2.1/build/CMakeFiles/CheckIncludeFiles/HAVE_SYS_TIME_H.c
Linking C executable cmTC_43abf
/usr/bin/cmake -E cmake_link_script CMakeFiles/cmTC_43abf.dir/link.txt --verbose=1
/usr/bin/cc  -Wall -pedantic     -rdynamic CMakeFiles/cmTC_43abf.dir/HAVE_SYS_TIME_H.c.o  -o cmTC_43abf 
gmake[1]: Leaving directory '/home/sam/projs/SomethingHere/lib/freeglut-3.2.1/build/CMakeFiles/CMakeTmp'



Determining if files stdbool.h exist passed with the following output:
Change Dir: /home/sam/projs/SomethingHere/lib/freeglut-3.2.1/build/CMakeFiles/CMakeTmp

Run Build Command(s):/usr/bin/gmake cmTC_b64db/fast && /usr/bin/gmake  -f CMakeFiles/cmTC_b64db.dir/build.make CMakeFiles/cmTC_b64db.dir/build
gmake[1]: Entering directory '/home/sam/projs/SomethingHere/lib/freeglut-3.2.1/build/CMakeFiles/CMakeTmp'
Building C object CMakeFiles/cmTC_b64db.dir/HAVE_STDBOOL_H.c.o
/usr/bin/cc   -Wall -pedantic    -o CMakeFiles/cmTC_b64db.dir/HAVE_STDBOOL_H.c.o   -c /home/sam/projs/SomethingHere/lib/freeglut-3.2.1/build/CMakeFiles/CheckIncludeFiles/HAVE_STDBOOL_H.c
Linking C executable cmTC_b64db
/usr/bin/cmake -E cmake_link_script CMakeFiles/cmTC_b64db.dir/link.txt --verbose=1
/usr/bin/cc  -Wall -pedantic     -rdynamic CMakeFiles/cmTC_b64db.dir/HAVE_STDBOOL_H.c.o  -o cmTC_b64db 
gmake[1]: Leaving directory '/home/sam/projs/SomethingHere/lib/freeglut-3.2.1/build/CMakeFiles/CMakeTmp'



Determining if files sys/param.h exist passed with the following output:
Change Dir: /home/sam/projs/SomethingHere/lib/freeglut-3.2.1/build/CMakeFiles/CMakeTmp

Run Build Command(s):/usr/bin/gmake cmTC_08630/fast && /usr/bin/gmake  -f CMakeFiles/cmTC_08630.dir/build.make CMakeFiles/cmTC_08630.dir/build
gmake[1]: Entering directory '/home/sam/projs/SomethingHere/lib/freeglut-3.2.1/build/CMakeFiles/CMakeTmp'
Building C object CMakeFiles/cmTC_08630.dir/HAVE_SYS_PARAM_H.c.o
/usr/bin/cc   -Wall -pedantic    -o CMakeFiles/cmTC_08630.dir/HAVE_SYS_PARAM_H.c.o   -c /home/sam/projs/SomethingHere/lib/freeglut-3.2.1/build/CMakeFiles/CheckIncludeFiles/HAVE_SYS_PARAM_H.c
Linking C executable cmTC_08630
/usr/bin/cmake -E cmake_link_script CMakeFiles/cmTC_08630.dir/link.txt --verbose=1
/usr/bin/cc  -Wall -pedantic     -rdynamic CMakeFiles/cmTC_08630.dir/HAVE_SYS_PARAM_H.c.o  -o cmTC_08630 
gmake[1]: Leaving directory '/home/sam/projs/SomethingHere/lib/freeglut-3.2.1/build/CMakeFiles/CMakeTmp'



Determining if files sys/ioctl.h exist passed with the following output:
Change Dir: /home/sam/projs/SomethingHere/lib/freeglut-3.2.1/build/CMakeFiles/CMakeTmp

Run Build Command(s):/usr/bin/gmake cmTC_aafc3/fast && /usr/bin/gmake  -f CMakeFiles/cmTC_aafc3.dir/build.make CMakeFiles/cmTC_aafc3.dir/build
gmake[1]: Entering directory '/home/sam/projs/SomethingHere/lib/freeglut-3.2.1/build/CMakeFiles/CMakeTmp'
Building C object CMakeFiles/cmTC_aafc3.dir/HAVE_SYS_IOCTL_H.c.o
/usr/bin/cc   -Wall -pedantic    -o CMakeFiles/cmTC_aafc3.dir/HAVE_SYS_IOCTL_H.c.o   -c /home/sam/projs/SomethingHere/lib/freeglut-3.2.1/build/CMakeFiles/CheckIncludeFiles/HAVE_SYS_IOCTL_H.c
Linking C executable cmTC_aafc3
/usr/bin/cmake -E cmake_link_script CMakeFiles/cmTC_aafc3.dir/link.txt --verbose=1
/usr/bin/cc  -Wall -pedantic     -rdynamic CMakeFiles/cmTC_aafc3.dir/HAVE_SYS_IOCTL_H.c.o  -o cmTC_aafc3 
gmake[1]: Leaving directory '/home/sam/projs/SomethingHere/lib/freeglut-3.2.1/build/CMakeFiles/CMakeTmp'



Determining if files fcntl.h exist passed with the following output:
Change Dir: /home/sam/projs/SomethingHere/lib/freeglut-3.2.1/build/CMakeFiles/CMakeTmp

Run Build Command(s):/usr/bin/gmake cmTC_2f931/fast && /usr/bin/gmake  -f CMakeFiles/cmTC_2f931.dir/build.make CMakeFiles/cmTC_2f931.dir/build
gmake[1]: Entering directory '/home/sam/projs/SomethingHere/lib/freeglut-3.2.1/build/CMakeFiles/CMakeTmp'
Building C object CMakeFiles/cmTC_2f931.dir/HAVE_FCNTL_H.c.o
/usr/bin/cc   -Wall -pedantic    -o CMakeFiles/cmTC_2f931.dir/HAVE_FCNTL_H.c.o   -c /home/sam/projs/SomethingHere/lib/freeglut-3.2.1/build/CMakeFiles/CheckIncludeFiles/HAVE_FCNTL_H.c
Linking C executable cmTC_2f931
/usr/bin/cmake -E cmake_link_script CMakeFiles/cmTC_2f931.dir/link.txt --verbose=1
/usr/bin/cc  -Wall -pedantic     -rdynamic CMakeFiles/cmTC_2f931.dir/HAVE_FCNTL_H.c.o  -o cmTC_2f931 
gmake[1]: Leaving directory '/home/sam/projs/SomethingHere/lib/freeglut-3.2.1/build/CMakeFiles/CMakeTmp'



Determining if the function gettimeofday exists passed with the following output:
Change Dir: /home/sam/projs/SomethingHere/lib/freeglut-3.2.1/build/CMakeFiles/CMakeTmp

Run Build Command(s):/usr/bin/gmake cmTC_555af/fast && /usr/bin/gmake  -f CMakeFiles/cmTC_555af.dir/build.make CMakeFiles/cmTC_555af.dir/build
gmake[1]: Entering directory '/home/sam/projs/SomethingHere/lib/freeglut-3.2.1/build/CMakeFiles/CMakeTmp'
Building C object CMakeFiles/cmTC_555af.dir/CheckFunctionExists.c.o
/usr/bin/cc   -Wall -pedantic -DCHECK_FUNCTION_EXISTS=gettimeofday   -o CMakeFiles/cmTC_555af.dir/CheckFunctionExists.c.o   -c /usr/share/cmake/Modules/CheckFunctionExists.c
Linking C executable cmTC_555af
/usr/bin/cmake -E cmake_link_script CMakeFiles/cmTC_555af.dir/link.txt --verbose=1
/usr/bin/cc  -Wall -pedantic -DCHECK_FUNCTION_EXISTS=gettimeofday    -rdynamic CMakeFiles/cmTC_555af.dir/CheckFunctionExists.c.o  -o cmTC_555af  -lm 
gmake[1]: Leaving directory '/home/sam/projs/SomethingHere/lib/freeglut-3.2.1/build/CMakeFiles/CMakeTmp'



Determining if files stdint.h exist passed with the following output:
Change Dir: /home/sam/projs/SomethingHere/lib/freeglut-3.2.1/build/CMakeFiles/CMakeTmp

Run Build Command(s):/usr/bin/gmake cmTC_4c56c/fast && /usr/bin/gmake  -f CMakeFiles/cmTC_4c56c.dir/build.make CMakeFiles/cmTC_4c56c.dir/build
gmake[1]: Entering directory '/home/sam/projs/SomethingHere/lib/freeglut-3.2.1/build/CMakeFiles/CMakeTmp'
Building C object CMakeFiles/cmTC_4c56c.dir/HAVE_STDINT_H.c.o
/usr/bin/cc   -Wall -pedantic    -o CMakeFiles/cmTC_4c56c.dir/HAVE_STDINT_H.c.o   -c /home/sam/projs/SomethingHere/lib/freeglut-3.2.1/build/CMakeFiles/CheckIncludeFiles/HAVE_STDINT_H.c
Linking C executable cmTC_4c56c
/usr/bin/cmake -E cmake_link_script CMakeFiles/cmTC_4c56c.dir/link.txt --verbose=1
/usr/bin/cc  -Wall -pedantic     -rdynamic CMakeFiles/cmTC_4c56c.dir/HAVE_STDINT_H.c.o  -o cmTC_4c56c 
gmake[1]: Leaving directory '/home/sam/projs/SomethingHere/lib/freeglut-3.2.1/build/CMakeFiles/CMakeTmp'



Determining if files inttypes.h exist passed with the following output:
Change Dir: /home/sam/projs/SomethingHere/lib/freeglut-3.2.1/build/CMakeFiles/CMakeTmp

Run Build Command(s):/usr/bin/gmake cmTC_47f79/fast && /usr/bin/gmake  -f CMakeFiles/cmTC_47f79.dir/build.make CMakeFiles/cmTC_47f79.dir/build
gmake[1]: Entering directory '/home/sam/projs/SomethingHere/lib/freeglut-3.2.1/build/CMakeFiles/CMakeTmp'
Building C object CMakeFiles/cmTC_47f79.dir/HAVE_INTTYPES_H.c.o
/usr/bin/cc   -Wall -pedantic    -o CMakeFiles/cmTC_47f79.dir/HAVE_INTTYPES_H.c.o   -c /home/sam/projs/SomethingHere/lib/freeglut-3.2.1/build/CMakeFiles/CheckIncludeFiles/HAVE_INTTYPES_H.c
Linking C executable cmTC_47f79
/usr/bin/cmake -E cmake_link_script CMakeFiles/cmTC_47f79.dir/link.txt --verbose=1
/usr/bin/cc  -Wall -pedantic     -rdynamic CMakeFiles/cmTC_47f79.dir/HAVE_INTTYPES_H.c.o  -o cmTC_47f79 
gmake[1]: Leaving directory '/home/sam/projs/SomethingHere/lib/freeglut-3.2.1/build/CMakeFiles/CMakeTmp'



