Determining if files usbhid.h exist failed with the following output:
Change Dir: /home/sam/projs/SomethingHere/lib/freeglut-3.2.1/build/CMakeFiles/CMakeTmp

Run Build Command(s):/usr/bin/gmake cmTC_636e3/fast && /usr/bin/gmake  -f CMakeFiles/cmTC_636e3.dir/build.make CMakeFiles/cmTC_636e3.dir/build
gmake[1]: Entering directory '/home/sam/projs/SomethingHere/lib/freeglut-3.2.1/build/CMakeFiles/CMakeTmp'
Building C object CMakeFiles/cmTC_636e3.dir/HAVE_USBHID_H.c.o
/usr/bin/cc   -Wall -pedantic    -o CMakeFiles/cmTC_636e3.dir/HAVE_USBHID_H.c.o   -c /home/sam/projs/SomethingHere/lib/freeglut-3.2.1/build/CMakeFiles/CheckIncludeFiles/HAVE_USBHID_H.c
/home/sam/projs/SomethingHere/lib/freeglut-3.2.1/build/CMakeFiles/CheckIncludeFiles/HAVE_USBHID_H.c:2:10: fatal error: usbhid.h: No such file or directory
    2 | #include <usbhid.h>
      |          ^~~~~~~~~~
compilation terminated.
gmake[1]: *** [CMakeFiles/cmTC_636e3.dir/build.make:86: CMakeFiles/cmTC_636e3.dir/HAVE_USBHID_H.c.o] Error 1
gmake[1]: Leaving directory '/home/sam/projs/SomethingHere/lib/freeglut-3.2.1/build/CMakeFiles/CMakeTmp'
gmake: *** [Makefile:141: cmTC_636e3/fast] Error 2


Source:
/* */
#include <usbhid.h>


int main(void){return 0;}

Determining if the function XParseGeometry exists failed with the following output:
Change Dir: /home/sam/projs/SomethingHere/lib/freeglut-3.2.1/build/CMakeFiles/CMakeTmp

Run Build Command(s):/usr/bin/gmake cmTC_d10f0/fast && /usr/bin/gmake  -f CMakeFiles/cmTC_d10f0.dir/build.make CMakeFiles/cmTC_d10f0.dir/build
gmake[1]: Entering directory '/home/sam/projs/SomethingHere/lib/freeglut-3.2.1/build/CMakeFiles/CMakeTmp'
Building C object CMakeFiles/cmTC_d10f0.dir/CheckFunctionExists.c.o
/usr/bin/cc   -Wall -pedantic -DCHECK_FUNCTION_EXISTS=XParseGeometry   -o CMakeFiles/cmTC_d10f0.dir/CheckFunctionExists.c.o   -c /usr/share/cmake/Modules/CheckFunctionExists.c
Linking C executable cmTC_d10f0
/usr/bin/cmake -E cmake_link_script CMakeFiles/cmTC_d10f0.dir/link.txt --verbose=1
/usr/bin/cc  -Wall -pedantic -DCHECK_FUNCTION_EXISTS=XParseGeometry    -rdynamic CMakeFiles/cmTC_d10f0.dir/CheckFunctionExists.c.o  -o cmTC_d10f0  -lm 
/usr/lib/gcc/x86_64-pc-linux-gnu/9.3.0/../../../../x86_64-pc-linux-gnu/bin/ld: CMakeFiles/cmTC_d10f0.dir/CheckFunctionExists.c.o: in function `main':
CheckFunctionExists.c:(.text+0x10): undefined reference to `XParseGeometry'
collect2: error: ld returned 1 exit status
gmake[1]: *** [CMakeFiles/cmTC_d10f0.dir/build.make:107: cmTC_d10f0] Error 1
gmake[1]: Leaving directory '/home/sam/projs/SomethingHere/lib/freeglut-3.2.1/build/CMakeFiles/CMakeTmp'
gmake: *** [Makefile:141: cmTC_d10f0/fast] Error 2



